<?xml version="1.0" encoding="utf-8"?><testsuites><testsuite name="pytest" errors="0" failures="0" skipped="0" tests="6" time="2.017" timestamp="2023-08-22T22:34:38.572679" hostname="M79F3VGV7F"><testcase classname="src.model.test_train" name="test_treat_dataframe" time="0.002" /><testcase classname="src.model.test_train" name="test_calc_class_weight" time="0.001" /><testcase classname="src.model.test_train" name="test_train_model" time="0.059" /><testcase classname="src.model.test_train" name="test_generate_metrics" time="0.067" /><testcase classname="src.server.test_schema" name="test_breast_cancer_schema" time="0.000" /><testcase classname="src.server.test_schema" name="test_breast_cancer_wrong_schema" time="0.000" /></testsuite></testsuites>